{"C:\\Users\\max\\testci2\\src\\js\\basic.js": {"path":"C:\\Users\\max\\testci2\\src\\js\\basic.js","statementMap":{"0":{"start":{"line":2,"column":2},"end":{"line":6,"column":3}},"1":{"start":{"line":3,"column":19},"end":{"line":3,"column":30}},"2":{"start":{"line":4,"column":19},"end":{"line":4,"column":30}},"3":{"start":{"line":5,"column":6},"end":{"line":5,"column":29}}},"fnMap":{"0":{"name":"compare","decl":{"start":{"line":1,"column":24},"end":{"line":1,"column":31}},"loc":{"start":{"line":1,"column":41},"end":{"line":7,"column":1}},"line":1},"1":{"name":"(anonymous_1)","decl":{"start":{"line":2,"column":9},"end":{"line":2,"column":10}},"loc":{"start":{"line":2,"column":22},"end":{"line":6,"column":3}},"line":2}},"branchMap":{},"s":{"0":1,"1":4,"2":4,"3":4},"f":{"0":1,"1":4},"b":{},"_coverageSchema":"1a1c01bbd47fc00a2c39e90264f33305004495a9","hash":"183313c3c51679a519f7ce53310523b539a1bc6d"}
}
